2024-10-02 12:52:58,079 : DEBUG : comm-pool-thread-75 :  : OracleDBConnectorNodeFactory : Conexion Oracle : 5:89 : Factory is already initialized. Nothing to do.
2024-10-02 12:52:58,150 : DEBUG : comm-pool-thread-75 :  : WorkflowManager : Conexion Oracle : 5:89 : Added new connection from node 5:89:0:11(1) to node 5:89:0:2(1)
2024-10-02 12:52:58,150 : DEBUG : comm-pool-thread-75 :  : WorkflowManager : Conexion Oracle : 5:89 : Added new connection from node 5:89:0:1(1) to node 5:89:0:11(0)
2024-10-02 12:53:10,549 : DEBUG : comm-pool-thread-74 :  : Node : Variable Creator : 5:91 : Configure succeeded. (Variable Creator)
2024-10-02 12:53:37,810 : DEBUG : KNIME-Worker-196-Variable Creator 5:91 :  : WorkflowManager : Variable Creator : 5:91 : Variable Creator 5:91 doBeforePreExecution
2024-10-02 12:53:37,810 : DEBUG : KNIME-Worker-196-Variable Creator 5:91 :  : NodeContainer : Variable Creator : 5:91 : Variable Creator 5:91 has new state: PREEXECUTE
2024-10-02 12:53:37,810 : DEBUG : KNIME-Worker-196-Variable Creator 5:91 :  : WorkflowDataRepository : Variable Creator : 5:91 : Adding handler bae79c9e-fd7c-4e79-bdf7-3efd215dcc47 (Variable Creator 5:91: <no directory>) - 1 in total
2024-10-02 12:53:37,811 : DEBUG : KNIME-Worker-196-Variable Creator 5:91 :  : WorkflowManager : Variable Creator : 5:91 : Variable Creator 5:91 doBeforeExecution
2024-10-02 12:53:37,811 : DEBUG : KNIME-Worker-196-Variable Creator 5:91 :  : NodeContainer : Variable Creator : 5:91 : Variable Creator 5:91 has new state: EXECUTING
2024-10-02 12:53:37,811 : DEBUG : KNIME-Worker-196-Variable Creator 5:91 :  : LocalNodeExecutionJob : Variable Creator : 5:91 : Variable Creator 5:91 Start execute
2024-10-02 12:53:37,811 : INFO  : KNIME-Worker-196-Variable Creator 5:91 :  : LocalNodeExecutionJob : Variable Creator : 5:91 : Variable Creator 5:91 End execute (0 secs)
2024-10-02 12:53:37,830 : DEBUG : KNIME-Worker-196-Variable Creator 5:91 :  : WorkflowManager : Variable Creator : 5:91 : Variable Creator 5:91 doBeforePostExecution
2024-10-02 12:53:37,830 : DEBUG : KNIME-Worker-196-Variable Creator 5:91 :  : NodeContainer : Variable Creator : 5:91 : Variable Creator 5:91 has new state: POSTEXECUTE
2024-10-02 12:53:37,830 : DEBUG : KNIME-Worker-196-Variable Creator 5:91 :  : WorkflowManager : Variable Creator : 5:91 : Variable Creator 5:91 doAfterExecute - success
2024-10-02 12:53:37,830 : DEBUG : KNIME-Worker-196-Variable Creator 5:91 :  : NodeContainer : Variable Creator : 5:91 : Variable Creator 5:91 has new state: EXECUTED
2024-10-02 12:53:37,831 : DEBUG : KNIME-Worker-196-Variable Creator 5:91 :  : Node : Component Input : 5:89:0:1 : Configure succeeded. (Component Input)
2024-10-02 12:53:37,831 : DEBUG : KNIME-Worker-196-Variable Creator 5:91 :  : NodeContainer : Conexion Oracle : 5:89 : Component Input 5:89:0:1 has new state: CONFIGURED
2024-10-02 12:53:37,839 : ERROR : KNIME-Worker-196-Variable Creator 5:91 :  : VariableType : Oracle Connector : 5:89:0:11 : Attempt to overwrite the password with config key 'password' failed. It's not possible to overwrite passwords with flow variables.
2024-10-02 12:53:37,848 : DEBUG : KNIME-Worker-196-Variable Creator 5:91 :  : Node : Oracle Connector : 5:89:0:11 : Configure succeeded. (Oracle Connector)
2024-10-02 12:53:37,848 : DEBUG : KNIME-Worker-196-Variable Creator 5:91 :  : NodeContainer : Conexion Oracle : 5:89 : Oracle Connector 5:89:0:11 has new state: CONFIGURED
2024-10-02 12:53:37,849 : DEBUG : KNIME-Worker-196-Variable Creator 5:91 :  : NodeContainer : Variable Creator : 5:91 : Conexion_Oracle 5 has new state: IDLE
2024-10-02 12:54:11,080 : DEBUG : KNIME-Worker-197-Conexion Oracle 5:89 :  : WorkflowManager : Conexion Oracle : 5:89 : Conexion Oracle 5:89 doBeforePreExecution
2024-10-02 12:54:11,080 : DEBUG : KNIME-Worker-197-Conexion Oracle 5:89 :  : NodeContainer : Conexion Oracle : 5:89 : Conexion Oracle 5:89 has new state: PREEXECUTE
2024-10-02 12:54:11,080 : DEBUG : KNIME-Worker-197-Conexion Oracle 5:89 :  : WorkflowManager : Conexion Oracle : 5:89 : Conexion Oracle 5:89 doBeforeExecution
2024-10-02 12:54:11,080 : DEBUG : KNIME-Worker-197-Conexion Oracle 5:89 :  : NodeContainer : Conexion Oracle : 5:89 : Conexion Oracle 5:89 has new state: EXECUTING
2024-10-02 12:54:11,080 : DEBUG : KNIME-Worker-197-Conexion Oracle 5:89 :  : LocalNodeExecutionJob : Conexion Oracle : 5:89 : Conexion Oracle 5:89 Start execute
2024-10-02 12:54:11,081 : DEBUG : KNIME-Worker-197-Conexion Oracle 5:89 :  : NodeContainer : Conexion Oracle : 5:89 : Component Input 5:89:0:1 has new state: CONFIGURED_MARKEDFOREXEC
2024-10-02 12:54:11,081 : DEBUG : KNIME-Worker-197-Conexion Oracle 5:89 :  : NodeContainer : Conexion Oracle : 5:89 : Component Input 5:89:0:1 has new state: CONFIGURED_QUEUED
2024-10-02 12:54:11,081 : DEBUG : KNIME-Worker-197-Conexion Oracle 5:89 :  : NodeContainer : Conexion Oracle : 5:89 : Oracle Connector 5:89:0:11 has new state: CONFIGURED_MARKEDFOREXEC
2024-10-02 12:54:11,081 : DEBUG : KNIME-Worker-197-Conexion Oracle 5:89 :  : NodeContainer : Conexion Oracle : 5:89 : Component Output 5:89:0:2 has new state: UNCONFIGURED_MARKEDFOREXEC
2024-10-02 12:54:11,082 : DEBUG : KNIME-Worker-197-Conexion Oracle 5:89 :  : NodeContainer : Conexion Oracle : 5:89 : Conexion Oracle 5:89:0 has new state: EXECUTING
2024-10-02 12:54:11,083 : DEBUG : KNIME-Worker-198-Component Input 5:89:0:1 :  : WorkflowManager : Component Input : 5:89:0:1 : Component Input 5:89:0:1 doBeforePreExecution
2024-10-02 12:54:11,084 : DEBUG : KNIME-Worker-198-Component Input 5:89:0:1 :  : NodeContainer : Component Input : 5:89:0:1 : Component Input 5:89:0:1 has new state: PREEXECUTE
2024-10-02 12:54:11,084 : DEBUG : KNIME-Worker-198-Component Input 5:89:0:1 :  : WorkflowDataRepository : Component Input : 5:89:0:1 : Adding handler 6b31335c-4571-44dd-ab0c-c0cf3f4d0193 (Component Input 5:89:0:1: <no directory>) - 2 in total
2024-10-02 12:54:11,084 : DEBUG : KNIME-Worker-198-Component Input 5:89:0:1 :  : WorkflowManager : Component Input : 5:89:0:1 : Component Input 5:89:0:1 doBeforeExecution
2024-10-02 12:54:11,084 : DEBUG : KNIME-Worker-198-Component Input 5:89:0:1 :  : NodeContainer : Component Input : 5:89:0:1 : Component Input 5:89:0:1 has new state: EXECUTING
2024-10-02 12:54:11,084 : DEBUG : KNIME-Worker-198-Component Input 5:89:0:1 :  : LocalNodeExecutionJob : Component Input : 5:89:0:1 : Component Input 5:89:0:1 Start execute
2024-10-02 12:54:11,085 : INFO  : KNIME-Worker-198-Component Input 5:89:0:1 :  : LocalNodeExecutionJob : Component Input : 5:89:0:1 : Component Input 5:89:0:1 End execute (0 secs)
2024-10-02 12:54:11,085 : DEBUG : KNIME-Worker-198-Component Input 5:89:0:1 :  : WorkflowManager : Component Input : 5:89:0:1 : Component Input 5:89:0:1 doBeforePostExecution
2024-10-02 12:54:11,085 : DEBUG : KNIME-Worker-198-Component Input 5:89:0:1 :  : NodeContainer : Component Input : 5:89:0:1 : Component Input 5:89:0:1 has new state: POSTEXECUTE
2024-10-02 12:54:11,085 : DEBUG : KNIME-Worker-198-Component Input 5:89:0:1 :  : WorkflowManager : Component Input : 5:89:0:1 : Component Input 5:89:0:1 doAfterExecute - success
2024-10-02 12:54:11,085 : DEBUG : KNIME-Worker-198-Component Input 5:89:0:1 :  : NodeContainer : Component Input : 5:89:0:1 : Component Input 5:89:0:1 has new state: EXECUTED
2024-10-02 12:54:11,095 : ERROR : KNIME-Worker-198-Component Input 5:89:0:1 :  : VariableType : Oracle Connector : 5:89:0:11 : Attempt to overwrite the password with config key 'password' failed. It's not possible to overwrite passwords with flow variables.
2024-10-02 12:54:11,099 : DEBUG : KNIME-Worker-198-Component Input 5:89:0:1 :  : Node : Oracle Connector : 5:89:0:11 : Configure succeeded. (Oracle Connector)
2024-10-02 12:54:11,099 : DEBUG : KNIME-Worker-198-Component Input 5:89:0:1 :  : NodeContainer : Component Input : 5:89:0:1 : Oracle Connector 5:89:0:11 has new state: CONFIGURED_QUEUED
2024-10-02 12:54:11,100 : DEBUG : KNIME-Worker-199-Oracle Connector 5:89:0:11 :  : WorkflowManager : Oracle Connector : 5:89:0:11 : Oracle Connector 5:89:0:11 doBeforePreExecution
2024-10-02 12:54:11,100 : DEBUG : KNIME-Worker-199-Oracle Connector 5:89:0:11 :  : NodeContainer : Oracle Connector : 5:89:0:11 : Oracle Connector 5:89:0:11 has new state: PREEXECUTE
2024-10-02 12:54:11,100 : DEBUG : KNIME-Worker-199-Oracle Connector 5:89:0:11 :  : WorkflowDataRepository : Oracle Connector : 5:89:0:11 : Adding handler c33fdce8-1a6a-4841-9cc2-d84c4d34cc4d (Oracle Connector 5:89:0:11: <no directory>) - 3 in total
2024-10-02 12:54:11,100 : DEBUG : KNIME-Worker-199-Oracle Connector 5:89:0:11 :  : WorkflowManager : Oracle Connector : 5:89:0:11 : Oracle Connector 5:89:0:11 doBeforeExecution
2024-10-02 12:54:11,100 : DEBUG : KNIME-Worker-199-Oracle Connector 5:89:0:11 :  : NodeContainer : Oracle Connector : 5:89:0:11 : Oracle Connector 5:89:0:11 has new state: EXECUTING
2024-10-02 12:54:11,100 : DEBUG : KNIME-Worker-199-Oracle Connector 5:89:0:11 :  : LocalNodeExecutionJob : Oracle Connector : 5:89:0:11 : Oracle Connector 5:89:0:11 Start execute
2024-10-02 12:54:11,101 : DEBUG : KNIME-Worker-199-Oracle Connector 5:89:0:11 :  : DBSessionCache : Oracle Connector : 5:89:0:11 : New database session: DefaultDBSessionInformation(id=0d4f3921-e6b3-41d9-a9cb-94a2d1500c75, dbType=DBType(id=oracle, name=Oracle, description=null), driverDefinition=DBDriverDefinition(id=Oracle_ID, name=Oracle, version=23.5.0, driverClass=oracle.jdbc.OracleDriver, dbType=DBType(id=oracle, name=Oracle, description=null), description=, origin=USER, deprecated=false), connectionController=org.knime.database.extension.oracle.node.connector.OracleDBConnectionController=(url=jdbc:oracle:thin:@bev-wsrachce-scan.salud.psis:47050/hcej2ee_gn1_hce.salud.psis, authenticationType=USER_PWD, user=BIGAN_USR, password=true), dialectId=oracle, attributeValues={knime.db.connection.restore=true, knime.db.connection.idle.timeout=10, knime.db.connection.reconnect.timeout=10, knime.db.connection.reconnect=true})
2024-10-02 12:54:11,200 : DEBUG : KNIME-Worker-199-Oracle Connector 5:89:0:11 :  : DBConnectionManager : Oracle Connector : 5:89:0:11 : Acquiring connection.
2024-10-02 12:54:11,202 : DEBUG : KNIME-Worker-199-Oracle Connector 5:89:0:11 :  : AbstractRelinquishableConnection : Oracle Connector : 5:89:0:11 : The connection has been relinquished.
2024-10-02 12:54:11,202 : DEBUG : KNIME-Worker-199-Oracle Connector 5:89:0:11 :  : ManagedConnection : Oracle Connector : 5:89:0:11 : The managed connection has been closed.
2024-10-02 12:54:11,202 : DEBUG : KNIME-Worker-199-Oracle Connector 5:89:0:11 :  : TransactionManagingWrapper : Oracle Connector : 5:89:0:11 : The transaction managing connection has been closed.
2024-10-02 12:54:11,202 : DEBUG : KNIME-Worker-199-Oracle Connector 5:89:0:11 :  : DefaultDBSession : Oracle Connector : 5:89:0:11 : Database session information:DefaultDBSessionInformation(id=0d4f3921-e6b3-41d9-a9cb-94a2d1500c75, dbType=DBType(id=oracle, name=Oracle, description=null), driverDefinition=DBDriverDefinition(id=Oracle_ID, name=Oracle, version=23.5.0, driverClass=oracle.jdbc.OracleDriver, dbType=DBType(id=oracle, name=Oracle, description=null), description=, origin=USER, deprecated=false), connectionController=org.knime.database.extension.oracle.node.connector.OracleDBConnectionController=(url=jdbc:oracle:thin:@bev-wsrachce-scan.salud.psis:47050/hcej2ee_gn1_hce.salud.psis, authenticationType=USER_PWD, user=BIGAN_USR, password=true), dialectId=oracle, attributeValues={knime.db.connection.restore=true, knime.db.connection.idle.timeout=10, knime.db.connection.reconnect.timeout=10, knime.db.connection.reconnect=true})
2024-10-02 12:54:11,202 : DEBUG : KNIME-Worker-199-Oracle Connector 5:89:0:11 :  : DefaultDBSession : Oracle Connector : 5:89:0:11 : Attribute details of database session 0d4f3921-e6b3-41d9-a9cb-94a2d1500c75:
AttributeValueRepository(attributes={knime.db.connection.jdbc.fetch_size=knime.db.connection.jdbc.fetch_size:10000, knime.db.connection.parameter.append.separator=knime.db.connection.parameter.append.separator:&, knime.db.capability.multi.dbs=knime.db.capability.multi.dbs:false, knime.db.dialect.sql.delimiter.identifier.opening=knime.db.dialect.sql.delimiter.identifier.opening:", knime.db.dialect.sql.table_reference.keyword=knime.db.dialect.sql.table_reference.keyword:, knime.db.dialect.sql.capability.operation.minus=knime.db.dialect.sql.capability.operation.minus:true, knime.db.dialect.sql.insert_into_table_with_select=knime.db.dialect.sql.insert_into_table_with_select:true, knime.db.connection.kerberos_delegation.hostnames=knime.db.connection.kerberos_delegation.hostnames:, knime.db.agent.writer.autocommit_if_failing_on_error=knime.db.agent.writer.autocommit_if_failing_on_error:false, knime.db.dialect.sql.table_reference.derived_table=knime.db.dialect.sql.table_reference.derived_table:true, knime.db.connection.parameter.append=knime.db.connection.parameter.append:false, knime.db.connection.parameter.append.last.suffix=knime.db.connection.parameter.append.last.suffix:, knime.db.connection.jdbc.properties=knime.db.connection.jdbc.properties:#Wed Oct 02 10:02:51 CEST 2024
, knime.db.connection.statement.cancellation.polling_period=knime.db.connection.statement.cancellation.polling_period:1000, knime.db.dialect.sql.capability.random=knime.db.dialect.sql.capability.random:true, knime.db.connection.metadata.table.types=knime.db.connection.metadata.table.types:TABLE, VIEW, knime.db.agent.writer.batch.enabled=knime.db.agent.writer.batch.enabled:true, knime.db.connection.statement.cancellation.enabled=knime.db.connection.statement.cancellation.enabled:true, knime.db.connection.metadata.configure.timeout=knime.db.connection.metadata.configure.timeout:3, knime.db.connection.metadata.configure.enabled=knime.db.connection.metadata.configure.enabled:true, knime.db.connection.metadata.query.flatten=knime.db.connection.metadata.query.flatten:false, knime.db.dialect.sql.create_table.define_constraint_name=knime.db.dialect.sql.create_table.define_constraint_name:true, knime.db.dialect.sql.identifier.delimiting.onlyspaces=knime.db.dialect.sql.identifier.delimiting.onlyspaces:false, knime.db.connection.time_zone=knime.db.connection.time_zone:UTC, knime.db.dialect.sql.capability.random_seed=knime.db.dialect.sql.capability.random_seed:false, knime.db.connection.reconnect.timeout=knime.db.connection.reconnect.timeout:0, knime.db.dialect.sql.identifier.replace.character.non_word.enabled=knime.db.dialect.sql.identifier.replace.character.non_word.enabled:false, knime.db.dialect.sql.create.table.temporary=knime.db.dialect.sql.create.table.temporary:GLOBAL TEMPORARY, knime.db.dialect.sql.minus_operator.keyword=knime.db.dialect.sql.minus_operator.keyword:MINUS, knime.db.dialect.sql.delimiter.identifier.closing=knime.db.dialect.sql.delimiter.identifier.closing:", knime.db.connection.logger.log.errors=knime.db.connection.logger.log.errors:false, knime.db.dialect.sql.capability.expression.case=knime.db.dialect.sql.capability.expression.case:true, knime.db.dialect.sql.identifier.replace.character.non_word.replacement=knime.db.dialect.sql.identifier.replace.character.non_word.replacement:, knime.db.connection.kerberos_delegation.service=knime.db.connection.kerberos_delegation.service:, knime.db.connection.reconnect=knime.db.connection.reconnect:false, knime.db.connection.transaction.enabled=knime.db.connection.transaction.enabled:true, knime.db.connection.parameter.append.initial.separator=knime.db.connection.parameter.append.initial.separator:?, knime.db.dialect.sql.create_table.if_not_exists=knime.db.dialect.sql.create_table.if_not_exists:, knime.db.connection.idle.timeout=knime.db.connection.idle.timeout:0, knime.db.dialect.sql.drop_table=knime.db.dialect.sql.drop_table:true, knime.db.connection.validation_query=knime.db.connection.validation_query:, knime.db.connection.kerberos_delegation.host_regex=knime.db.connection.kerberos_delegation.host_regex:.*(?:@|//)([^:;,/\\]*).*, knime.db.connection.parameter.append.user_and_password=knime.db.connection.parameter.append.user_and_password:false, knime.db.connection.logger.enabled=knime.db.connection.logger.enabled:false, knime.db.connection.restore=knime.db.connection.restore:false, knime.db.agent.writer.fail_on_missing_in_where_clause=knime.db.agent.writer.fail_on_missing_in_where_clause:true, knime.db.connection.init_statement=knime.db.connection.init_statement:},
none default values={knime.db.connection.reconnect=true, knime.db.connection.restore=true, knime.db.connection.idle.timeout=10, knime.db.connection.reconnect.timeout=10})
2024-10-02 12:54:11,203 : INFO  : KNIME-Worker-199-Oracle Connector 5:89:0:11 :  : LocalNodeExecutionJob : Oracle Connector : 5:89:0:11 : Oracle Connector 5:89:0:11 End execute (0 secs)
2024-10-02 12:54:11,203 : DEBUG : KNIME-Worker-199-Oracle Connector 5:89:0:11 :  : WorkflowManager : Oracle Connector : 5:89:0:11 : Oracle Connector 5:89:0:11 doBeforePostExecution
2024-10-02 12:54:11,203 : DEBUG : KNIME-Worker-199-Oracle Connector 5:89:0:11 :  : NodeContainer : Oracle Connector : 5:89:0:11 : Oracle Connector 5:89:0:11 has new state: POSTEXECUTE
2024-10-02 12:54:11,203 : DEBUG : KNIME-Worker-199-Oracle Connector 5:89:0:11 :  : WorkflowManager : Oracle Connector : 5:89:0:11 : Oracle Connector 5:89:0:11 doAfterExecute - success
2024-10-02 12:54:11,203 : DEBUG : KNIME-Worker-199-Oracle Connector 5:89:0:11 :  : NodeContainer : Oracle Connector : 5:89:0:11 : Oracle Connector 5:89:0:11 has new state: EXECUTED
2024-10-02 12:54:11,203 : DEBUG : KNIME-Worker-199-Oracle Connector 5:89:0:11 :  : Node : Component Output : 5:89:0:2 : Configure succeeded. (Component Output)
2024-10-02 12:54:11,203 : DEBUG : KNIME-Worker-199-Oracle Connector 5:89:0:11 :  : NodeContainer : Oracle Connector : 5:89:0:11 : Component Output 5:89:0:2 has new state: CONFIGURED_MARKEDFOREXEC
2024-10-02 12:54:11,203 : DEBUG : KNIME-Worker-199-Oracle Connector 5:89:0:11 :  : NodeContainer : Oracle Connector : 5:89:0:11 : Component Output 5:89:0:2 has new state: CONFIGURED_QUEUED
2024-10-02 12:54:11,211 : DEBUG : KNIME-Worker-200-Component Output 5:89:0:2 :  : WorkflowManager : Component Output : 5:89:0:2 : Component Output 5:89:0:2 doBeforePreExecution
2024-10-02 12:54:11,211 : DEBUG : KNIME-Worker-200-Component Output 5:89:0:2 :  : NodeContainer : Component Output : 5:89:0:2 : Component Output 5:89:0:2 has new state: PREEXECUTE
2024-10-02 12:54:11,211 : DEBUG : KNIME-Worker-200-Component Output 5:89:0:2 :  : WorkflowDataRepository : Component Output : 5:89:0:2 : Adding handler 53d416c0-914f-4927-b3d7-8d46dbe09406 (Component Output 5:89:0:2: <no directory>) - 4 in total
2024-10-02 12:54:11,212 : DEBUG : KNIME-Worker-200-Component Output 5:89:0:2 :  : WorkflowManager : Component Output : 5:89:0:2 : Component Output 5:89:0:2 doBeforeExecution
2024-10-02 12:54:11,212 : DEBUG : KNIME-Worker-200-Component Output 5:89:0:2 :  : NodeContainer : Component Output : 5:89:0:2 : Component Output 5:89:0:2 has new state: EXECUTING
2024-10-02 12:54:11,212 : DEBUG : KNIME-Worker-200-Component Output 5:89:0:2 :  : LocalNodeExecutionJob : Component Output : 5:89:0:2 : Component Output 5:89:0:2 Start execute
2024-10-02 12:54:11,221 : INFO  : KNIME-Worker-200-Component Output 5:89:0:2 :  : LocalNodeExecutionJob : Component Output : 5:89:0:2 : Component Output 5:89:0:2 End execute (0 secs)
2024-10-02 12:54:11,221 : DEBUG : KNIME-Worker-200-Component Output 5:89:0:2 :  : WorkflowManager : Component Output : 5:89:0:2 : Component Output 5:89:0:2 doBeforePostExecution
2024-10-02 12:54:11,221 : DEBUG : KNIME-Worker-200-Component Output 5:89:0:2 :  : NodeContainer : Component Output : 5:89:0:2 : Component Output 5:89:0:2 has new state: POSTEXECUTE
2024-10-02 12:54:11,222 : DEBUG : KNIME-Worker-200-Component Output 5:89:0:2 :  : WorkflowManager : Component Output : 5:89:0:2 : Component Output 5:89:0:2 doAfterExecute - success
2024-10-02 12:54:11,222 : DEBUG : KNIME-Worker-200-Component Output 5:89:0:2 :  : NodeContainer : Component Output : 5:89:0:2 : Component Output 5:89:0:2 has new state: EXECUTED
2024-10-02 12:54:11,222 : DEBUG : KNIME-Worker-200-Component Output 5:89:0:2 :  : NodeContainer : Component Output : 5:89:0:2 : Conexion Oracle 5:89:0 has new state: EXECUTED
2024-10-02 12:54:11,222 : INFO  : KNIME-Worker-197-Conexion Oracle 5:89 :  : LocalNodeExecutionJob : Conexion Oracle : 5:89 : Conexion Oracle 5:89 End execute (0 secs)
2024-10-02 12:54:11,223 : DEBUG : KNIME-Worker-197-Conexion Oracle 5:89 :  : WorkflowManager : Conexion Oracle : 5:89 : Conexion Oracle 5:89 doBeforePostExecution
2024-10-02 12:54:11,223 : DEBUG : KNIME-Worker-197-Conexion Oracle 5:89 :  : NodeContainer : Conexion Oracle : 5:89 : Conexion Oracle 5:89 has new state: POSTEXECUTE
2024-10-02 12:54:11,223 : DEBUG : KNIME-Worker-197-Conexion Oracle 5:89 :  : WorkflowManager : Conexion Oracle : 5:89 : Conexion Oracle 5:89 doAfterExecute - success
2024-10-02 12:54:11,223 : DEBUG : KNIME-Worker-197-Conexion Oracle 5:89 :  : NodeContainer : Conexion Oracle : 5:89 : Conexion Oracle 5:89 has new state: EXECUTED
2024-10-02 12:54:11,223 : DEBUG : KNIME-Worker-197-Conexion Oracle 5:89 :  : NodeContainer : Conexion Oracle : 5:89 : Conexion_Oracle 5 has new state: EXECUTED
2024-10-02 12:54:14,464 : DEBUG : ModalContext :  : FileSingleNodeContainerPersistor : Conexion Oracle : 5:89 : Created node directory "/home/jlizama/knime-workspace/TFG/Conexion_Oracle/Conexion Ora (#89)"
2024-10-02 12:54:14,465 : DEBUG : ModalContext :  : FileSingleNodeContainerPersistor : Component Input : 5:89:0:1 : Created node directory "/home/jlizama/knime-workspace/TFG/Conexion_Oracle/Conexion Ora (#89)/Component Input (#1)"
2024-10-02 12:54:14,467 : DEBUG : ModalContext :  : FileSingleNodeContainerPersistor : Component Output : 5:89:0:2 : Created node directory "/home/jlizama/knime-workspace/TFG/Conexion_Oracle/Conexion Ora (#89)/Component Output (#2)"
2024-10-02 12:54:14,474 : DEBUG : ModalContext :  : FileSingleNodeContainerPersistor : Oracle Connector : 5:89:0:11 : Created node directory "/home/jlizama/knime-workspace/TFG/Conexion_Oracle/Conexion Ora (#89)/Oracle Connector (#11)"
2024-10-02 12:54:14,492 : DEBUG : ModalContext :  : FileSingleNodeContainerPersistor : Variable Creator : 5:91 : Created node directory "/home/jlizama/knime-workspace/TFG/Conexion_Oracle/Variable Creator (#91)"
2024-10-02 15:59:57,799 : DEBUG : main :  : VirtualSubNodeOutputNodeModel : Component Output : 5:89:0:2 : Removing all (0) views from model.
2024-10-02 15:59:57,799 : DEBUG : main :  : Node : Component Output : 5:89:0:2 : clean output ports.
2024-10-02 15:59:57,799 : DEBUG : main :  : WorkflowDataRepository : Component Output : 5:89:0:2 : Removing handler 53d416c0-914f-4927-b3d7-8d46dbe09406 (Component Output 5:89:0:2: <no directory>) - 3 remaining
2024-10-02 15:59:57,799 : DEBUG : main :  : OracleDBConnectorNodeModel : Oracle Connector : 5:89:0:11 : Removing all (0) views from model.
2024-10-02 15:59:57,799 : DEBUG : main :  : DefaultDBSession : Oracle Connector : 5:89:0:11 : Closing the connection manager of the session: DefaultDBSessionInformation(id=0d4f3921-e6b3-41d9-a9cb-94a2d1500c75, dbType=DBType(id=oracle, name=Oracle, description=null), driverDefinition=DBDriverDefinition(id=Oracle_ID, name=Oracle, version=23.5.0, driverClass=oracle.jdbc.OracleDriver, dbType=DBType(id=oracle, name=Oracle, description=null), description=, origin=USER, deprecated=false), connectionController=org.knime.database.extension.oracle.node.connector.OracleDBConnectionController=(url=jdbc:oracle:thin:@bev-wsrachce-scan.salud.psis:47050/hcej2ee_gn1_hce.salud.psis, authenticationType=USER_PWD, user=BIGAN_USR, password=true), dialectId=oracle, attributeValues={knime.db.connection.restore=true, knime.db.connection.idle.timeout=10, knime.db.connection.reconnect.timeout=10, knime.db.connection.reconnect=true})
2024-10-02 15:59:57,799 : DEBUG : main :  : Node : Oracle Connector : 5:89:0:11 : clean output ports.
2024-10-02 15:59:57,799 : DEBUG : main :  : Closing the database connection: URL="jdbc:oracle:thin:@bev-wsrachce-scan.salud.psis:47050/hcej2ee_gn1_hce.salud.psis", user="BIGAN_USR"
WorkflowDataRepository : Oracle Connector : 5:89:0:11 : Removing handler c33fdce8-1a6a-4841-9cc2-d84c4d34cc4d (Oracle Connector 5:89:0:11: <no directory>) - 2 remaining
2024-10-02 15:59:57,799 : DEBUG : main :  : VirtualSubNodeInputNodeModel : Component Input : 5:89:0:1 : Removing all (0) views from model.
2024-10-02 15:59:57,799 : DEBUG : main :  : Node : Component Input : 5:89:0:1 : clean output ports.
2024-10-02 15:59:57,799 : DEBUG : main :  : WorkflowDataRepository : Component Input : 5:89:0:1 : Removing handler 6b31335c-4571-44dd-ab0c-c0cf3f4d0193 (Component Input 5:89:0:1: <no directory>) - 1 remaining
2024-10-02 15:59:57,799 : DEBUG : main :  : VariableCreatorNodeModel : Variable Creator : 5:91 : Removing all (0) views from model.
2024-10-02 15:59:57,799 : DEBUG : main :  : Node : Variable Creator : 5:91 : clean output ports.
2024-10-02 15:59:57,799 : DEBUG : main :  : WorkflowDataRepository : Variable Creator : 5:91 : Removing handler bae79c9e-fd7c-4e79-bdf7-3efd215dcc47 (Variable Creator 5:91: <no directory>) - 0 remaining
2024-10-04 13:57:31,814 : DEBUG : ModalContext :  : VariableCreatorNodeFactory : Conexion_Oracle : 12 : Factory is already initialized. Nothing to do.
2024-10-04 13:57:31,847 : DEBUG : ModalContext :  : OracleDBConnectorNodeFactory : Conexion Oracle : 12:89 : Factory is already initialized. Nothing to do.
2024-10-04 13:57:31,847 : DEBUG : ModalContext :  : WorkflowManager : Conexion Oracle : 12:89 : Added new connection from node 12:89:0:11(1) to node 12:89:0:2(1)
2024-10-04 13:57:31,847 : DEBUG : ModalContext :  : WorkflowManager : Conexion Oracle : 12:89 : Added new connection from node 12:89:0:1(1) to node 12:89:0:11(0)
2024-10-04 13:57:31,853 : DEBUG : ModalContext :  : DBSessionCache : Oracle Connector : 12:89:0:11 : New database session: DefaultDBSessionInformation(id=0d4f3921-e6b3-41d9-a9cb-94a2d1500c75, dbType=DBType(id=oracle, name=Oracle, description=null), driverDefinition=DBDriverDefinition(id=Oracle_ID, name=Oracle, version=23.5.0, driverClass=oracle.jdbc.OracleDriver, dbType=DBType(id=oracle, name=Oracle, description=null), description=, origin=USER, deprecated=false), connectionController=org.knime.database.extension.oracle.node.connector.OracleDBConnectionController=(url=jdbc:oracle:thin:@bev-wsrachce-scan.salud.psis:47050/hcej2ee_gn1_hce.salud.psis, authenticationType=USER_PWD, user=BIGAN_USR, password=true), dialectId=oracle, attributeValues={knime.db.connection.restore=true, knime.db.connection.idle.timeout=10, knime.db.connection.reconnect.timeout=10, knime.db.connection.reconnect=true})
2024-10-04 13:57:31,945 : DEBUG : ModalContext :  : DBConnectionManager : Oracle Connector : 12:89:0:11 : Acquiring connection.
2024-10-04 13:57:31,947 : DEBUG : ModalContext :  : AbstractRelinquishableConnection : Oracle Connector : 12:89:0:11 : The connection has been relinquished.
2024-10-04 13:57:31,948 : DEBUG : ModalContext :  : ManagedConnection : Oracle Connector : 12:89:0:11 : The managed connection has been closed.
2024-10-04 13:57:31,948 : DEBUG : ModalContext :  : TransactionManagingWrapper : Oracle Connector : 12:89:0:11 : The transaction managing connection has been closed.
2024-10-04 13:57:31,948 : DEBUG : ModalContext :  : DefaultDBSession : Oracle Connector : 12:89:0:11 : Database session information:DefaultDBSessionInformation(id=0d4f3921-e6b3-41d9-a9cb-94a2d1500c75, dbType=DBType(id=oracle, name=Oracle, description=null), driverDefinition=DBDriverDefinition(id=Oracle_ID, name=Oracle, version=23.5.0, driverClass=oracle.jdbc.OracleDriver, dbType=DBType(id=oracle, name=Oracle, description=null), description=, origin=USER, deprecated=false), connectionController=org.knime.database.extension.oracle.node.connector.OracleDBConnectionController=(url=jdbc:oracle:thin:@bev-wsrachce-scan.salud.psis:47050/hcej2ee_gn1_hce.salud.psis, authenticationType=USER_PWD, user=BIGAN_USR, password=true), dialectId=oracle, attributeValues={knime.db.connection.restore=true, knime.db.connection.idle.timeout=10, knime.db.connection.reconnect.timeout=10, knime.db.connection.reconnect=true})
2024-10-04 13:57:31,948 : DEBUG : ModalContext :  : DefaultDBSession : Oracle Connector : 12:89:0:11 : Attribute details of database session 0d4f3921-e6b3-41d9-a9cb-94a2d1500c75:
AttributeValueRepository(attributes={knime.db.connection.jdbc.fetch_size=knime.db.connection.jdbc.fetch_size:10000, knime.db.connection.parameter.append.separator=knime.db.connection.parameter.append.separator:&, knime.db.capability.multi.dbs=knime.db.capability.multi.dbs:false, knime.db.dialect.sql.delimiter.identifier.opening=knime.db.dialect.sql.delimiter.identifier.opening:", knime.db.dialect.sql.table_reference.keyword=knime.db.dialect.sql.table_reference.keyword:, knime.db.dialect.sql.capability.operation.minus=knime.db.dialect.sql.capability.operation.minus:true, knime.db.dialect.sql.insert_into_table_with_select=knime.db.dialect.sql.insert_into_table_with_select:true, knime.db.connection.kerberos_delegation.hostnames=knime.db.connection.kerberos_delegation.hostnames:, knime.db.agent.writer.autocommit_if_failing_on_error=knime.db.agent.writer.autocommit_if_failing_on_error:false, knime.db.dialect.sql.table_reference.derived_table=knime.db.dialect.sql.table_reference.derived_table:true, knime.db.connection.parameter.append=knime.db.connection.parameter.append:false, knime.db.connection.parameter.append.last.suffix=knime.db.connection.parameter.append.last.suffix:, knime.db.connection.jdbc.properties=knime.db.connection.jdbc.properties:#Fri Oct 04 08:58:04 CEST 2024
, knime.db.connection.statement.cancellation.polling_period=knime.db.connection.statement.cancellation.polling_period:1000, knime.db.dialect.sql.capability.random=knime.db.dialect.sql.capability.random:true, knime.db.connection.metadata.table.types=knime.db.connection.metadata.table.types:TABLE, VIEW, knime.db.agent.writer.batch.enabled=knime.db.agent.writer.batch.enabled:true, knime.db.connection.statement.cancellation.enabled=knime.db.connection.statement.cancellation.enabled:true, knime.db.connection.metadata.configure.timeout=knime.db.connection.metadata.configure.timeout:3, knime.db.connection.metadata.configure.enabled=knime.db.connection.metadata.configure.enabled:true, knime.db.connection.metadata.query.flatten=knime.db.connection.metadata.query.flatten:false, knime.db.dialect.sql.create_table.define_constraint_name=knime.db.dialect.sql.create_table.define_constraint_name:true, knime.db.dialect.sql.identifier.delimiting.onlyspaces=knime.db.dialect.sql.identifier.delimiting.onlyspaces:false, knime.db.connection.time_zone=knime.db.connection.time_zone:UTC, knime.db.dialect.sql.capability.random_seed=knime.db.dialect.sql.capability.random_seed:false, knime.db.connection.reconnect.timeout=knime.db.connection.reconnect.timeout:0, knime.db.dialect.sql.identifier.replace.character.non_word.enabled=knime.db.dialect.sql.identifier.replace.character.non_word.enabled:false, knime.db.dialect.sql.create.table.temporary=knime.db.dialect.sql.create.table.temporary:GLOBAL TEMPORARY, knime.db.dialect.sql.minus_operator.keyword=knime.db.dialect.sql.minus_operator.keyword:MINUS, knime.db.dialect.sql.delimiter.identifier.closing=knime.db.dialect.sql.delimiter.identifier.closing:", knime.db.connection.logger.log.errors=knime.db.connection.logger.log.errors:false, knime.db.dialect.sql.capability.expression.case=knime.db.dialect.sql.capability.expression.case:true, knime.db.dialect.sql.identifier.replace.character.non_word.replacement=knime.db.dialect.sql.identifier.replace.character.non_word.replacement:, knime.db.connection.kerberos_delegation.service=knime.db.connection.kerberos_delegation.service:, knime.db.connection.reconnect=knime.db.connection.reconnect:false, knime.db.connection.transaction.enabled=knime.db.connection.transaction.enabled:true, knime.db.connection.parameter.append.initial.separator=knime.db.connection.parameter.append.initial.separator:?, knime.db.dialect.sql.create_table.if_not_exists=knime.db.dialect.sql.create_table.if_not_exists:, knime.db.connection.idle.timeout=knime.db.connection.idle.timeout:0, knime.db.dialect.sql.drop_table=knime.db.dialect.sql.drop_table:true, knime.db.connection.validation_query=knime.db.connection.validation_query:, knime.db.connection.kerberos_delegation.host_regex=knime.db.connection.kerberos_delegation.host_regex:.*(?:@|//)([^:;,/\\]*).*, knime.db.connection.parameter.append.user_and_password=knime.db.connection.parameter.append.user_and_password:false, knime.db.connection.logger.enabled=knime.db.connection.logger.enabled:false, knime.db.connection.restore=knime.db.connection.restore:false, knime.db.agent.writer.fail_on_missing_in_where_clause=knime.db.agent.writer.fail_on_missing_in_where_clause:true, knime.db.connection.init_statement=knime.db.connection.init_statement:},
none default values={knime.db.connection.reconnect=true, knime.db.connection.restore=true, knime.db.connection.idle.timeout=10, knime.db.connection.reconnect.timeout=10})
2024-10-04 13:57:53,620 : DEBUG : comm-pool-thread-84 :  : Node : Component Input : 12:89:0:1 : reset
2024-10-04 13:57:53,620 : DEBUG : comm-pool-thread-84 :  : Node : Component Input : 12:89:0:1 : clean output ports.
2024-10-04 13:57:53,620 : DEBUG : comm-pool-thread-84 :  : NodeContainer : Conexion Oracle : 12:89 : Setting dirty flag on Component Input 12:89:0:1
2024-10-04 13:57:53,620 : DEBUG : comm-pool-thread-84 :  : NodeContainer : Conexion Oracle : 12:89 : Setting dirty flag on Conexion Oracle 12:89:0
2024-10-04 13:57:53,620 : DEBUG : comm-pool-thread-84 :  : NodeContainer : Conexion Oracle : 12:89 : Setting dirty flag on Conexion_Oracle 12
2024-10-04 13:57:53,621 : DEBUG : comm-pool-thread-84 :  : NodeContainer : Conexion Oracle : 12:89 : Component Input 12:89:0:1 has new state: IDLE
2024-10-04 13:57:53,621 : DEBUG : comm-pool-thread-84 :  : Node : Component Output : 12:89:0:2 : reset
2024-10-04 13:57:53,621 : DEBUG : comm-pool-thread-84 :  : Node : Component Output : 12:89:0:2 : clean output ports.
2024-10-04 13:57:53,621 : DEBUG : comm-pool-thread-84 :  : NodeContainer : Conexion Oracle : 12:89 : Setting dirty flag on Component Output 12:89:0:2
2024-10-04 13:57:53,621 : DEBUG : comm-pool-thread-84 :  : NodeContainer : Conexion Oracle : 12:89 : Component Output 12:89:0:2 has new state: IDLE
2024-10-04 13:57:53,621 : DEBUG : comm-pool-thread-84 :  : Node : Oracle Connector : 12:89:0:11 : reset
2024-10-04 13:57:53,621 : DEBUG : comm-pool-thread-84 :  : DefaultDBSession : Oracle Connector : 12:89:0:11 : Closing the connection manager of the session: DefaultDBSessionInformation(id=0d4f3921-e6b3-41d9-a9cb-94a2d1500c75, dbType=DBType(id=oracle, name=Oracle, description=null), driverDefinition=DBDriverDefinition(id=Oracle_ID, name=Oracle, version=23.5.0, driverClass=oracle.jdbc.OracleDriver, dbType=DBType(id=oracle, name=Oracle, description=null), description=, origin=USER, deprecated=false), connectionController=org.knime.database.extension.oracle.node.connector.OracleDBConnectionController=(url=jdbc:oracle:thin:@bev-wsrachce-scan.salud.psis:47050/hcej2ee_gn1_hce.salud.psis, authenticationType=USER_PWD, user=BIGAN_USR, password=true), dialectId=oracle, attributeValues={knime.db.connection.restore=true, knime.db.connection.idle.timeout=10, knime.db.connection.reconnect.timeout=10, knime.db.connection.reconnect=true})
2024-10-04 13:57:53,621 : DEBUG : comm-pool-thread-84 :  : Node : Oracle Connector : 12:89:0:11 : clean output ports.
2024-10-04 13:57:53,621 : DEBUG : comm-pool-thread-84 :  : NodeContainer : Conexion Oracle : 12:89 : Setting dirty flag on Oracle Connector 12:89:0:11
2024-10-04 13:57:53,621 : DEBUG : comm-pool-thread-84 :  : NodeContainer : Conexion Oracle : 12:89 : Oracle Connector 12:89:0:11 has new state: IDLE
2024-10-04 13:57:53,621 : DEBUG : comm-pool-thread-84 :  : NodeContainer : Conexion Oracle : 12:89 : Conexion Oracle 12:89:0 has new state: IDLE
2024-10-04 13:57:53,621 : DEBUG : comm-pool-thread-84 :  : VirtualSubNodeOutputNodeModel : Component Output : 12:89:0:2 : Removing all (0) views from model.
2024-10-04 13:57:53,621 : DEBUG : comm-pool-thread-84 :  : Node : Component Output : 12:89:0:2 : clean output ports.
2024-10-04 13:57:53,621 : DEBUG : comm-pool-thread-84 :  : OracleDBConnectorNodeModel : Oracle Connector : 12:89:0:11 : Removing all (0) views from model.
2024-10-04 13:57:53,621 : DEBUG : comm-pool-thread-84 :  : Node : Oracle Connector : 12:89:0:11 : clean output ports.
2024-10-04 13:57:53,621 : DEBUG : comm-pool-thread-84 :  : VirtualSubNodeInputNodeModel : Component Input : 12:89:0:1 : Removing all (0) views from model.
2024-10-04 13:57:53,621 : DEBUG : comm-pool-thread-84 :  : Node : Component Input : 12:89:0:1 : clean output ports.
2024-10-04 13:57:54,058 : DEBUG : comm-pool-thread-84 :  : OracleDBConnectorNodeFactory : Conexion Oracle : 12:193 : Factory is already initialized. Nothing to do.
2024-10-04 13:57:54,083 : DEBUG : comm-pool-thread-84 :  : WorkflowManager : Conexion Oracle : 12:193 : Added new connection from node 12:193:0:11(1) to node 12:193:0:2(1)
2024-10-04 13:57:54,083 : DEBUG : comm-pool-thread-84 :  : WorkflowManager : Conexion Oracle : 12:193 : Added new connection from node 12:193:0:1(1) to node 12:193:0:11(0)
2024-10-04 13:57:58,444 : DEBUG : comm-pool-thread-84 :  : Node : Component Input : 12:193:0:1 : Configure succeeded. (Component Input)
2024-10-04 13:57:58,444 : DEBUG : comm-pool-thread-84 :  : NodeContainer : Conexion Oracle : 12:193 : Component Input 12:193:0:1 has new state: CONFIGURED
2024-10-04 13:57:58,465 : WARN  : comm-pool-thread-84 :  : Node : Oracle Connector : 12:193:0:11 : Errors loading flow variables into node : Errors overwriting node settings with flow variables: Unknown variable "user_ORACLE"
2024-10-04 13:57:58,465 : DEBUG : comm-pool-thread-84 :  : Node : Oracle Connector : 12:193:0:11 : org.knime.core.node.InvalidSettingsException: Errors overwriting node settings with flow variables: Unknown variable "user_ORACLE"
2024-10-04 13:58:17,817 : DEBUG : main :  : Node : Component Input : 12:193:0:1 : reset
2024-10-04 13:58:17,818 : DEBUG : main :  : Node : Component Input : 12:193:0:1 : clean output ports.
2024-10-04 13:58:17,818 : DEBUG : main :  : NodeContainer : Conexion Oracle : 12:193 : Component Input 12:193:0:1 has new state: IDLE
2024-10-04 13:58:17,818 : DEBUG : main :  : Node : Variable Creator : 12:91 : reset
2024-10-04 13:58:17,818 : DEBUG : main :  : Node : Variable Creator : 12:91 : clean output ports.
2024-10-04 13:58:17,818 : DEBUG : main :  : NodeContainer : Variable Creator : 12:91 : Setting dirty flag on Variable Creator 12:91
2024-10-04 13:58:17,818 : DEBUG : main :  : SelectionEventBus : Variable Creator : 12:91 : Selection event emitter removed for node 12:91. Num emitters: 16
2024-10-04 13:58:17,819 : DEBUG : main :  : SelectionEventBus : Variable Creator : 12:91 : Selection event emitter removed for node 12:91. Num emitters: 16
2024-10-04 13:58:17,819 : DEBUG : main :  : NodeContainer : Variable Creator : 12:91 : Variable Creator 12:91 has new state: IDLE
2024-10-04 13:58:17,819 : DEBUG : main :  : Node : Variable Creator : 12:91 : Configure succeeded. (Variable Creator)
2024-10-04 13:58:17,819 : DEBUG : main :  : NodeContainer : Variable Creator : 12:91 : Variable Creator 12:91 has new state: CONFIGURED
2024-10-04 13:58:18,258 : DEBUG : main :  : Node : Variable Creator : 12:91 : reset
2024-10-04 13:58:18,259 : DEBUG : main :  : Node : Variable Creator : 12:91 : clean output ports.
2024-10-04 13:58:18,259 : DEBUG : main :  : SelectionEventBus : Variable Creator : 12:91 : Selection event emitter removed for node 12:91. Num emitters: 16
2024-10-04 13:58:18,259 : DEBUG : main :  : NodeContainer : Variable Creator : 12:91 : Variable Creator 12:91 has new state: IDLE
2024-10-04 13:58:18,260 : DEBUG : main :  : Node : Variable Creator : 12:91 : Configure succeeded. (Variable Creator)
2024-10-04 13:58:18,260 : DEBUG : main :  : NodeContainer : Variable Creator : 12:91 : Variable Creator 12:91 has new state: CONFIGURED
2024-10-04 13:58:19,764 : DEBUG : KNIME-Worker-424-Variable Creator 12:91 :  : WorkflowManager : Variable Creator : 12:91 : Variable Creator 12:91 doBeforePreExecution
2024-10-04 13:58:19,764 : DEBUG : KNIME-Worker-424-Variable Creator 12:91 :  : NodeContainer : Variable Creator : 12:91 : Variable Creator 12:91 has new state: PREEXECUTE
2024-10-04 13:58:19,764 : DEBUG : KNIME-Worker-424-Variable Creator 12:91 :  : WorkflowDataRepository : Variable Creator : 12:91 : Adding handler 30cd7fa1-c943-4201-977f-24a4f491cecc (Variable Creator 12:91: <no directory>) - 1 in total
2024-10-04 13:58:19,765 : DEBUG : KNIME-Worker-424-Variable Creator 12:91 :  : WorkflowManager : Variable Creator : 12:91 : Variable Creator 12:91 doBeforeExecution
2024-10-04 13:58:19,765 : DEBUG : KNIME-Worker-424-Variable Creator 12:91 :  : NodeContainer : Variable Creator : 12:91 : Variable Creator 12:91 has new state: EXECUTING
2024-10-04 13:58:19,765 : DEBUG : KNIME-Worker-424-Variable Creator 12:91 :  : LocalNodeExecutionJob : Variable Creator : 12:91 : Variable Creator 12:91 Start execute
2024-10-04 13:58:19,766 : INFO  : KNIME-Worker-424-Variable Creator 12:91 :  : LocalNodeExecutionJob : Variable Creator : 12:91 : Variable Creator 12:91 End execute (0 secs)
2024-10-04 13:58:19,768 : DEBUG : KNIME-Worker-424-Variable Creator 12:91 :  : WorkflowManager : Variable Creator : 12:91 : Variable Creator 12:91 doBeforePostExecution
2024-10-04 13:58:19,769 : DEBUG : KNIME-Worker-424-Variable Creator 12:91 :  : NodeContainer : Variable Creator : 12:91 : Variable Creator 12:91 has new state: POSTEXECUTE
2024-10-04 13:58:19,769 : DEBUG : KNIME-Worker-424-Variable Creator 12:91 :  : WorkflowManager : Variable Creator : 12:91 : Variable Creator 12:91 doAfterExecute - success
2024-10-04 13:58:19,769 : DEBUG : KNIME-Worker-424-Variable Creator 12:91 :  : NodeContainer : Variable Creator : 12:91 : Variable Creator 12:91 has new state: EXECUTED
2024-10-04 13:58:19,770 : DEBUG : KNIME-Worker-424-Variable Creator 12:91 :  : Node : Component Input : 12:193:0:1 : Configure succeeded. (Component Input)
2024-10-04 13:58:19,770 : DEBUG : KNIME-Worker-424-Variable Creator 12:91 :  : NodeContainer : Conexion Oracle : 12:193 : Component Input 12:193:0:1 has new state: CONFIGURED
2024-10-04 13:58:19,788 : ERROR : KNIME-Worker-424-Variable Creator 12:91 :  : VariableType : Oracle Connector : 12:193:0:11 : Attempt to overwrite the password with config key 'password' failed. It's not possible to overwrite passwords with flow variables.
2024-10-04 13:58:19,796 : DEBUG : KNIME-Worker-424-Variable Creator 12:91 :  : Node : Oracle Connector : 12:193:0:11 : Configure succeeded. (Oracle Connector)
2024-10-04 13:58:19,797 : DEBUG : KNIME-Worker-424-Variable Creator 12:91 :  : NodeContainer : Conexion Oracle : 12:193 : Oracle Connector 12:193:0:11 has new state: CONFIGURED
2024-10-04 13:58:19,797 : DEBUG : KNIME-Worker-424-Variable Creator 12:91 :  : NodeContainer : Variable Creator : 12:91 : Conexion Oracle 12:193 has new state: CONFIGURED_QUEUED
2024-10-04 13:58:19,798 : DEBUG : KNIME-Worker-425-Conexion Oracle 12:193 :  : WorkflowManager : Conexion Oracle : 12:193 : Conexion Oracle 12:193 doBeforePreExecution
2024-10-04 13:58:19,798 : DEBUG : KNIME-Worker-425-Conexion Oracle 12:193 :  : NodeContainer : Conexion Oracle : 12:193 : Conexion Oracle 12:193 has new state: PREEXECUTE
2024-10-04 13:58:19,798 : DEBUG : KNIME-Worker-425-Conexion Oracle 12:193 :  : WorkflowManager : Conexion Oracle : 12:193 : Conexion Oracle 12:193 doBeforeExecution
2024-10-04 13:58:19,798 : DEBUG : KNIME-Worker-425-Conexion Oracle 12:193 :  : NodeContainer : Conexion Oracle : 12:193 : Conexion Oracle 12:193 has new state: EXECUTING
2024-10-04 13:58:19,798 : DEBUG : KNIME-Worker-425-Conexion Oracle 12:193 :  : LocalNodeExecutionJob : Conexion Oracle : 12:193 : Conexion Oracle 12:193 Start execute
2024-10-04 13:58:19,799 : DEBUG : KNIME-Worker-425-Conexion Oracle 12:193 :  : NodeContainer : Conexion Oracle : 12:193 : Component Input 12:193:0:1 has new state: CONFIGURED_MARKEDFOREXEC
2024-10-04 13:58:19,799 : DEBUG : KNIME-Worker-425-Conexion Oracle 12:193 :  : NodeContainer : Conexion Oracle : 12:193 : Component Input 12:193:0:1 has new state: CONFIGURED_QUEUED
2024-10-04 13:58:19,799 : DEBUG : KNIME-Worker-425-Conexion Oracle 12:193 :  : NodeContainer : Conexion Oracle : 12:193 : Oracle Connector 12:193:0:11 has new state: CONFIGURED_MARKEDFOREXEC
2024-10-04 13:58:19,800 : DEBUG : KNIME-Worker-425-Conexion Oracle 12:193 :  : NodeContainer : Conexion Oracle : 12:193 : Component Output 12:193:0:2 has new state: UNCONFIGURED_MARKEDFOREXEC
2024-10-04 13:58:19,800 : DEBUG : KNIME-Worker-425-Conexion Oracle 12:193 :  : NodeContainer : Conexion Oracle : 12:193 : Conexion Oracle 12:193:0 has new state: EXECUTING
2024-10-04 13:58:19,800 : DEBUG : KNIME-Worker-426-Component Input 12:193:0:1 :  : WorkflowManager : Component Input : 12:193:0:1 : Component Input 12:193:0:1 doBeforePreExecution
2024-10-04 13:58:19,800 : DEBUG : KNIME-Worker-426-Component Input 12:193:0:1 :  : NodeContainer : Component Input : 12:193:0:1 : Component Input 12:193:0:1 has new state: PREEXECUTE
2024-10-04 13:58:19,800 : DEBUG : KNIME-Worker-426-Component Input 12:193:0:1 :  : WorkflowDataRepository : Component Input : 12:193:0:1 : Adding handler a45c6523-88bb-4833-8d45-0453df025cde (Component Input 12:193:0:1: <no directory>) - 2 in total
2024-10-04 13:58:19,801 : DEBUG : KNIME-Worker-426-Component Input 12:193:0:1 :  : WorkflowManager : Component Input : 12:193:0:1 : Component Input 12:193:0:1 doBeforeExecution
2024-10-04 13:58:19,801 : DEBUG : KNIME-Worker-426-Component Input 12:193:0:1 :  : NodeContainer : Component Input : 12:193:0:1 : Component Input 12:193:0:1 has new state: EXECUTING
2024-10-04 13:58:19,801 : DEBUG : KNIME-Worker-426-Component Input 12:193:0:1 :  : LocalNodeExecutionJob : Component Input : 12:193:0:1 : Component Input 12:193:0:1 Start execute
2024-10-04 13:58:19,801 : INFO  : KNIME-Worker-426-Component Input 12:193:0:1 :  : LocalNodeExecutionJob : Component Input : 12:193:0:1 : Component Input 12:193:0:1 End execute (0 secs)
2024-10-04 13:58:19,801 : DEBUG : KNIME-Worker-426-Component Input 12:193:0:1 :  : WorkflowManager : Component Input : 12:193:0:1 : Component Input 12:193:0:1 doBeforePostExecution
2024-10-04 13:58:19,801 : DEBUG : KNIME-Worker-426-Component Input 12:193:0:1 :  : NodeContainer : Component Input : 12:193:0:1 : Component Input 12:193:0:1 has new state: POSTEXECUTE
2024-10-04 13:58:19,802 : DEBUG : KNIME-Worker-426-Component Input 12:193:0:1 :  : WorkflowManager : Component Input : 12:193:0:1 : Component Input 12:193:0:1 doAfterExecute - success
2024-10-04 13:58:19,802 : DEBUG : KNIME-Worker-426-Component Input 12:193:0:1 :  : NodeContainer : Component Input : 12:193:0:1 : Component Input 12:193:0:1 has new state: EXECUTED
2024-10-04 13:58:19,815 : ERROR : KNIME-Worker-426-Component Input 12:193:0:1 :  : VariableType : Oracle Connector : 12:193:0:11 : Attempt to overwrite the password with config key 'password' failed. It's not possible to overwrite passwords with flow variables.
2024-10-04 13:58:19,819 : DEBUG : KNIME-Worker-426-Component Input 12:193:0:1 :  : Node : Oracle Connector : 12:193:0:11 : Configure succeeded. (Oracle Connector)
2024-10-04 13:58:19,819 : DEBUG : KNIME-Worker-426-Component Input 12:193:0:1 :  : NodeContainer : Component Input : 12:193:0:1 : Oracle Connector 12:193:0:11 has new state: CONFIGURED_QUEUED
2024-10-04 13:58:19,820 : DEBUG : KNIME-Worker-427-Oracle Connector 12:193:0:11 :  : WorkflowManager : Oracle Connector : 12:193:0:11 : Oracle Connector 12:193:0:11 doBeforePreExecution
2024-10-04 13:58:19,820 : DEBUG : KNIME-Worker-427-Oracle Connector 12:193:0:11 :  : NodeContainer : Oracle Connector : 12:193:0:11 : Oracle Connector 12:193:0:11 has new state: PREEXECUTE
2024-10-04 13:58:19,820 : DEBUG : KNIME-Worker-427-Oracle Connector 12:193:0:11 :  : WorkflowDataRepository : Oracle Connector : 12:193:0:11 : Adding handler bf648a39-b293-425f-89e8-c255c8738254 (Oracle Connector 12:193:0:11: <no directory>) - 3 in total
2024-10-04 13:58:19,820 : DEBUG : KNIME-Worker-427-Oracle Connector 12:193:0:11 :  : WorkflowManager : Oracle Connector : 12:193:0:11 : Oracle Connector 12:193:0:11 doBeforeExecution
2024-10-04 13:58:19,820 : DEBUG : KNIME-Worker-427-Oracle Connector 12:193:0:11 :  : NodeContainer : Oracle Connector : 12:193:0:11 : Oracle Connector 12:193:0:11 has new state: EXECUTING
2024-10-04 13:58:19,820 : DEBUG : KNIME-Worker-427-Oracle Connector 12:193:0:11 :  : LocalNodeExecutionJob : Oracle Connector : 12:193:0:11 : Oracle Connector 12:193:0:11 Start execute
2024-10-04 13:58:19,822 : DEBUG : KNIME-Worker-427-Oracle Connector 12:193:0:11 :  : DBSessionCache : Oracle Connector : 12:193:0:11 : New database session: DefaultDBSessionInformation(id=4bc2b905-05ed-41ca-9789-1b120c660a6d, dbType=DBType(id=oracle, name=Oracle, description=null), driverDefinition=DBDriverDefinition(id=Oracle_ID, name=Oracle, version=23.5.0, driverClass=oracle.jdbc.OracleDriver, dbType=DBType(id=oracle, name=Oracle, description=null), description=, origin=USER, deprecated=false), connectionController=org.knime.database.extension.oracle.node.connector.OracleDBConnectionController=(url=jdbc:oracle:thin:@bev-wsrachce-scan.salud.psis:47050/hcej2ee_gn1_hce.salud.psis, authenticationType=USER_PWD, user=BIGAN_USR, password=true), dialectId=oracle, attributeValues={knime.db.connection.restore=true, knime.db.connection.idle.timeout=10, knime.db.connection.reconnect.timeout=10, knime.db.connection.reconnect=true})
2024-10-04 13:58:19,912 : DEBUG : KNIME-Worker-427-Oracle Connector 12:193:0:11 :  : DBConnectionManager : Oracle Connector : 12:193:0:11 : Acquiring connection.
2024-10-04 13:58:19,914 : DEBUG : KNIME-Worker-427-Oracle Connector 12:193:0:11 :  : AbstractRelinquishableConnection : Oracle Connector : 12:193:0:11 : The connection has been relinquished.
2024-10-04 13:58:19,914 : DEBUG : KNIME-Worker-427-Oracle Connector 12:193:0:11 :  : ManagedConnection : Oracle Connector : 12:193:0:11 : The managed connection has been closed.
2024-10-04 13:58:19,914 : DEBUG : KNIME-Worker-427-Oracle Connector 12:193:0:11 :  : TransactionManagingWrapper : Oracle Connector : 12:193:0:11 : The transaction managing connection has been closed.
2024-10-04 13:58:19,914 : DEBUG : KNIME-Worker-427-Oracle Connector 12:193:0:11 :  : DefaultDBSession : Oracle Connector : 12:193:0:11 : Database session information:DefaultDBSessionInformation(id=4bc2b905-05ed-41ca-9789-1b120c660a6d, dbType=DBType(id=oracle, name=Oracle, description=null), driverDefinition=DBDriverDefinition(id=Oracle_ID, name=Oracle, version=23.5.0, driverClass=oracle.jdbc.OracleDriver, dbType=DBType(id=oracle, name=Oracle, description=null), description=, origin=USER, deprecated=false), connectionController=org.knime.database.extension.oracle.node.connector.OracleDBConnectionController=(url=jdbc:oracle:thin:@bev-wsrachce-scan.salud.psis:47050/hcej2ee_gn1_hce.salud.psis, authenticationType=USER_PWD, user=BIGAN_USR, password=true), dialectId=oracle, attributeValues={knime.db.connection.restore=true, knime.db.connection.idle.timeout=10, knime.db.connection.reconnect.timeout=10, knime.db.connection.reconnect=true})
2024-10-04 13:58:19,914 : DEBUG : KNIME-Worker-427-Oracle Connector 12:193:0:11 :  : DefaultDBSession : Oracle Connector : 12:193:0:11 : Attribute details of database session 4bc2b905-05ed-41ca-9789-1b120c660a6d:
AttributeValueRepository(attributes={knime.db.connection.jdbc.fetch_size=knime.db.connection.jdbc.fetch_size:10000, knime.db.connection.parameter.append.separator=knime.db.connection.parameter.append.separator:&, knime.db.capability.multi.dbs=knime.db.capability.multi.dbs:false, knime.db.dialect.sql.delimiter.identifier.opening=knime.db.dialect.sql.delimiter.identifier.opening:", knime.db.dialect.sql.table_reference.keyword=knime.db.dialect.sql.table_reference.keyword:, knime.db.dialect.sql.capability.operation.minus=knime.db.dialect.sql.capability.operation.minus:true, knime.db.dialect.sql.insert_into_table_with_select=knime.db.dialect.sql.insert_into_table_with_select:true, knime.db.connection.kerberos_delegation.hostnames=knime.db.connection.kerberos_delegation.hostnames:, knime.db.agent.writer.autocommit_if_failing_on_error=knime.db.agent.writer.autocommit_if_failing_on_error:false, knime.db.dialect.sql.table_reference.derived_table=knime.db.dialect.sql.table_reference.derived_table:true, knime.db.connection.parameter.append=knime.db.connection.parameter.append:false, knime.db.connection.parameter.append.last.suffix=knime.db.connection.parameter.append.last.suffix:, knime.db.connection.jdbc.properties=knime.db.connection.jdbc.properties:#Fri Oct 04 08:58:04 CEST 2024
, knime.db.connection.statement.cancellation.polling_period=knime.db.connection.statement.cancellation.polling_period:1000, knime.db.dialect.sql.capability.random=knime.db.dialect.sql.capability.random:true, knime.db.connection.metadata.table.types=knime.db.connection.metadata.table.types:TABLE, VIEW, knime.db.agent.writer.batch.enabled=knime.db.agent.writer.batch.enabled:true, knime.db.connection.statement.cancellation.enabled=knime.db.connection.statement.cancellation.enabled:true, knime.db.connection.metadata.configure.timeout=knime.db.connection.metadata.configure.timeout:3, knime.db.connection.metadata.configure.enabled=knime.db.connection.metadata.configure.enabled:true, knime.db.connection.metadata.query.flatten=knime.db.connection.metadata.query.flatten:false, knime.db.dialect.sql.create_table.define_constraint_name=knime.db.dialect.sql.create_table.define_constraint_name:true, knime.db.dialect.sql.identifier.delimiting.onlyspaces=knime.db.dialect.sql.identifier.delimiting.onlyspaces:false, knime.db.connection.time_zone=knime.db.connection.time_zone:UTC, knime.db.dialect.sql.capability.random_seed=knime.db.dialect.sql.capability.random_seed:false, knime.db.connection.reconnect.timeout=knime.db.connection.reconnect.timeout:0, knime.db.dialect.sql.identifier.replace.character.non_word.enabled=knime.db.dialect.sql.identifier.replace.character.non_word.enabled:false, knime.db.dialect.sql.create.table.temporary=knime.db.dialect.sql.create.table.temporary:GLOBAL TEMPORARY, knime.db.dialect.sql.minus_operator.keyword=knime.db.dialect.sql.minus_operator.keyword:MINUS, knime.db.dialect.sql.delimiter.identifier.closing=knime.db.dialect.sql.delimiter.identifier.closing:", knime.db.connection.logger.log.errors=knime.db.connection.logger.log.errors:false, knime.db.dialect.sql.capability.expression.case=knime.db.dialect.sql.capability.expression.case:true, knime.db.dialect.sql.identifier.replace.character.non_word.replacement=knime.db.dialect.sql.identifier.replace.character.non_word.replacement:, knime.db.connection.kerberos_delegation.service=knime.db.connection.kerberos_delegation.service:, knime.db.connection.reconnect=knime.db.connection.reconnect:false, knime.db.connection.transaction.enabled=knime.db.connection.transaction.enabled:true, knime.db.connection.parameter.append.initial.separator=knime.db.connection.parameter.append.initial.separator:?, knime.db.dialect.sql.create_table.if_not_exists=knime.db.dialect.sql.create_table.if_not_exists:, knime.db.connection.idle.timeout=knime.db.connection.idle.timeout:0, knime.db.dialect.sql.drop_table=knime.db.dialect.sql.drop_table:true, knime.db.connection.validation_query=knime.db.connection.validation_query:, knime.db.connection.kerberos_delegation.host_regex=knime.db.connection.kerberos_delegation.host_regex:.*(?:@|//)([^:;,/\\]*).*, knime.db.connection.parameter.append.user_and_password=knime.db.connection.parameter.append.user_and_password:false, knime.db.connection.logger.enabled=knime.db.connection.logger.enabled:false, knime.db.connection.restore=knime.db.connection.restore:false, knime.db.agent.writer.fail_on_missing_in_where_clause=knime.db.agent.writer.fail_on_missing_in_where_clause:true, knime.db.connection.init_statement=knime.db.connection.init_statement:},
none default values={knime.db.connection.reconnect=true, knime.db.connection.restore=true, knime.db.connection.idle.timeout=10, knime.db.connection.reconnect.timeout=10})
2024-10-04 13:58:19,915 : INFO  : KNIME-Worker-427-Oracle Connector 12:193:0:11 :  : LocalNodeExecutionJob : Oracle Connector : 12:193:0:11 : Oracle Connector 12:193:0:11 End execute (0 secs)
2024-10-04 13:58:19,915 : DEBUG : KNIME-Worker-427-Oracle Connector 12:193:0:11 :  : WorkflowManager : Oracle Connector : 12:193:0:11 : Oracle Connector 12:193:0:11 doBeforePostExecution
2024-10-04 13:58:19,915 : DEBUG : KNIME-Worker-427-Oracle Connector 12:193:0:11 :  : NodeContainer : Oracle Connector : 12:193:0:11 : Oracle Connector 12:193:0:11 has new state: POSTEXECUTE
2024-10-04 13:58:19,915 : DEBUG : KNIME-Worker-427-Oracle Connector 12:193:0:11 :  : WorkflowManager : Oracle Connector : 12:193:0:11 : Oracle Connector 12:193:0:11 doAfterExecute - success
2024-10-04 13:58:19,915 : DEBUG : KNIME-Worker-427-Oracle Connector 12:193:0:11 :  : NodeContainer : Oracle Connector : 12:193:0:11 : Oracle Connector 12:193:0:11 has new state: EXECUTED
2024-10-04 13:58:19,915 : DEBUG : KNIME-Worker-427-Oracle Connector 12:193:0:11 :  : Node : Component Output : 12:193:0:2 : Configure succeeded. (Component Output)
2024-10-04 13:58:19,915 : DEBUG : KNIME-Worker-427-Oracle Connector 12:193:0:11 :  : NodeContainer : Oracle Connector : 12:193:0:11 : Component Output 12:193:0:2 has new state: CONFIGURED_MARKEDFOREXEC
2024-10-04 13:58:19,915 : DEBUG : KNIME-Worker-427-Oracle Connector 12:193:0:11 :  : NodeContainer : Oracle Connector : 12:193:0:11 : Component Output 12:193:0:2 has new state: CONFIGURED_QUEUED
2024-10-04 13:58:19,916 : DEBUG : KNIME-Worker-428-Component Output 12:193:0:2 :  : WorkflowManager : Component Output : 12:193:0:2 : Component Output 12:193:0:2 doBeforePreExecution
2024-10-04 13:58:19,916 : DEBUG : KNIME-Worker-428-Component Output 12:193:0:2 :  : NodeContainer : Component Output : 12:193:0:2 : Component Output 12:193:0:2 has new state: PREEXECUTE
2024-10-04 13:58:19,916 : DEBUG : KNIME-Worker-428-Component Output 12:193:0:2 :  : WorkflowDataRepository : Component Output : 12:193:0:2 : Adding handler 0b792bf8-5128-4b1a-8968-eeb132a57bcc (Component Output 12:193:0:2: <no directory>) - 4 in total
2024-10-04 13:58:19,916 : DEBUG : KNIME-Worker-428-Component Output 12:193:0:2 :  : WorkflowManager : Component Output : 12:193:0:2 : Component Output 12:193:0:2 doBeforeExecution
2024-10-04 13:58:19,916 : DEBUG : KNIME-Worker-428-Component Output 12:193:0:2 :  : NodeContainer : Component Output : 12:193:0:2 : Component Output 12:193:0:2 has new state: EXECUTING
2024-10-04 13:58:19,916 : DEBUG : KNIME-Worker-428-Component Output 12:193:0:2 :  : LocalNodeExecutionJob : Component Output : 12:193:0:2 : Component Output 12:193:0:2 Start execute
2024-10-04 13:58:19,919 : INFO  : KNIME-Worker-428-Component Output 12:193:0:2 :  : LocalNodeExecutionJob : Component Output : 12:193:0:2 : Component Output 12:193:0:2 End execute (0 secs)
2024-10-04 13:58:19,919 : DEBUG : KNIME-Worker-428-Component Output 12:193:0:2 :  : WorkflowManager : Component Output : 12:193:0:2 : Component Output 12:193:0:2 doBeforePostExecution
2024-10-04 13:58:19,919 : DEBUG : KNIME-Worker-428-Component Output 12:193:0:2 :  : NodeContainer : Component Output : 12:193:0:2 : Component Output 12:193:0:2 has new state: POSTEXECUTE
2024-10-04 13:58:19,919 : DEBUG : KNIME-Worker-428-Component Output 12:193:0:2 :  : WorkflowManager : Component Output : 12:193:0:2 : Component Output 12:193:0:2 doAfterExecute - success
2024-10-04 13:58:19,919 : DEBUG : KNIME-Worker-428-Component Output 12:193:0:2 :  : NodeContainer : Component Output : 12:193:0:2 : Component Output 12:193:0:2 has new state: EXECUTED
2024-10-04 13:58:19,919 : DEBUG : KNIME-Worker-428-Component Output 12:193:0:2 :  : NodeContainer : Component Output : 12:193:0:2 : Conexion Oracle 12:193:0 has new state: EXECUTED
2024-10-04 13:58:19,919 : INFO  : KNIME-Worker-425-Conexion Oracle 12:193 :  : LocalNodeExecutionJob : Conexion Oracle : 12:193 : Conexion Oracle 12:193 End execute (0 secs)
2024-10-04 13:58:19,919 : DEBUG : KNIME-Worker-425-Conexion Oracle 12:193 :  : WorkflowManager : Conexion Oracle : 12:193 : Conexion Oracle 12:193 doBeforePostExecution
2024-10-04 13:58:19,920 : DEBUG : KNIME-Worker-425-Conexion Oracle 12:193 :  : NodeContainer : Conexion Oracle : 12:193 : Conexion Oracle 12:193 has new state: POSTEXECUTE
2024-10-04 13:58:19,920 : DEBUG : KNIME-Worker-425-Conexion Oracle 12:193 :  : WorkflowManager : Conexion Oracle : 12:193 : Conexion Oracle 12:193 doAfterExecute - success
2024-10-04 13:58:19,920 : DEBUG : KNIME-Worker-425-Conexion Oracle 12:193 :  : NodeContainer : Conexion Oracle : 12:193 : Conexion Oracle 12:193 has new state: EXECUTED
2024-10-04 13:58:19,920 : DEBUG : KNIME-Worker-425-Conexion Oracle 12:193 :  : NodeContainer : Conexion Oracle : 12:193 : Conexion_Oracle 12 has new state: EXECUTED
2024-10-04 13:58:22,717 : DEBUG : ModalContext :  : FileSingleNodeContainerPersistor : Variable Creator : 12:91 : Replaced node directory "/home/jlizama/knime-workspace/TFG/Conexion_Oracle/Variable Creator (#91)"
2024-10-04 13:58:22,719 : DEBUG : ModalContext :  : FileSingleNodeContainerPersistor : Conexion Oracle : 12:193 : Created node directory "/home/jlizama/knime-workspace/TFG/Conexion_Oracle/Conexion Ora (#193)"
2024-10-04 13:58:22,720 : DEBUG : ModalContext :  : FileSingleNodeContainerPersistor : Component Input : 12:193:0:1 : Created node directory "/home/jlizama/knime-workspace/TFG/Conexion_Oracle/Conexion Ora (#193)/Component Input (#1)"
2024-10-04 13:58:22,723 : DEBUG : ModalContext :  : FileSingleNodeContainerPersistor : Component Output : 12:193:0:2 : Created node directory "/home/jlizama/knime-workspace/TFG/Conexion_Oracle/Conexion Ora (#193)/Component Output (#2)"
2024-10-04 13:58:22,727 : DEBUG : ModalContext :  : FileSingleNodeContainerPersistor : Oracle Connector : 12:193:0:11 : Created node directory "/home/jlizama/knime-workspace/TFG/Conexion_Oracle/Conexion Ora (#193)/Oracle Connector (#11)"
2024-10-04 14:04:15,605 : DEBUG : main :  : VirtualSubNodeOutputNodeModel : Component Output : 12:193:0:2 : Removing all (0) views from model.
2024-10-04 14:04:15,605 : DEBUG : main :  : Node : Component Output : 12:193:0:2 : clean output ports.
2024-10-04 14:04:15,605 : DEBUG : main :  : WorkflowDataRepository : Component Output : 12:193:0:2 : Removing handler 0b792bf8-5128-4b1a-8968-eeb132a57bcc (Component Output 12:193:0:2: <no directory>) - 3 remaining
2024-10-04 14:04:15,605 : DEBUG : main :  : OracleDBConnectorNodeModel : Oracle Connector : 12:193:0:11 : Removing all (0) views from model.
2024-10-04 14:04:15,605 : DEBUG : main :  : DefaultDBSession : Oracle Connector : 12:193:0:11 : Closing the connection manager of the session: DefaultDBSessionInformation(id=4bc2b905-05ed-41ca-9789-1b120c660a6d, dbType=DBType(id=oracle, name=Oracle, description=null), driverDefinition=DBDriverDefinition(id=Oracle_ID, name=Oracle, version=23.5.0, driverClass=oracle.jdbc.OracleDriver, dbType=DBType(id=oracle, name=Oracle, description=null), description=, origin=USER, deprecated=false), connectionController=org.knime.database.extension.oracle.node.connector.OracleDBConnectionController=(url=jdbc:oracle:thin:@bev-wsrachce-scan.salud.psis:47050/hcej2ee_gn1_hce.salud.psis, authenticationType=USER_PWD, user=BIGAN_USR, password=true), dialectId=oracle, attributeValues={knime.db.connection.restore=true, knime.db.connection.idle.timeout=10, knime.db.connection.reconnect.timeout=10, knime.db.connection.reconnect=true})
2024-10-04 14:04:15,605 : DEBUG : main :  : Node : Oracle Connector : 12:193:0:11 : clean output ports.
2024-10-04 14:04:15,606 : DEBUG : main :  : WorkflowDataRepository : Oracle Connector : 12:193:0:11 : Removing handler bf648a39-b293-425f-89e8-c255c8738254 (Oracle Connector 12:193:0:11: <no directory>) - 2 remaining
2024-10-04 14:04:15,606 : DEBUG : main : 2024-10-04 14:04:15,606 :  : DEBUG : KNIME-Database-Connection-Closer-58 :  : DBConnectionManager :  :  : VirtualSubNodeInputNodeModel : Closing the database connection: URL="jdbc:oracle:thin:@bev-wsrachce-scan.salud.psis:47050/hcej2ee_gn1_hce.salud.psis", user="BIGAN_USR"
Component Input : 12:193:0:1 : Removing all (0) views from model.
2024-10-04 14:04:15,606 : DEBUG : main :  : Node : Component Input : 12:193:0:1 : clean output ports.
2024-10-04 14:04:15,606 : DEBUG : main :  : WorkflowDataRepository : Component Input : 12:193:0:1 : Removing handler a45c6523-88bb-4833-8d45-0453df025cde (Component Input 12:193:0:1: <no directory>) - 1 remaining
2024-10-04 14:04:15,606 : DEBUG : main :  : VariableCreatorNodeModel : Variable Creator : 12:91 : Removing all (0) views from model.
2024-10-04 14:04:15,606 : DEBUG : main :  : Node : Variable Creator : 12:91 : clean output ports.
2024-10-04 14:04:15,606 : DEBUG : main :  : WorkflowDataRepository : Variable Creator : 12:91 : Removing handler 30cd7fa1-c943-4201-977f-24a4f491cecc (Variable Creator 12:91: <no directory>) - 0 remaining
